#! /c/Source/iverilog-install/bin/vvp
:ivl_version "12.0 (devel)" "(s20150603-1110-g18392a46)";
:ivl_delay_selection "TYPICAL";
:vpi_time_precision - 9;
:vpi_module "C:\iverilog\lib\ivl\system.vpi";
:vpi_module "C:\iverilog\lib\ivl\vhdl_sys.vpi";
:vpi_module "C:\iverilog\lib\ivl\vhdl_textio.vpi";
:vpi_module "C:\iverilog\lib\ivl\v2005_math.vpi";
:vpi_module "C:\iverilog\lib\ivl\va_math.vpi";
S_000001ecdd73fa50 .scope module, "pro" "pro" 2 37;
 .timescale -9 -9;
v000001ecdd7a26a0_0 .var "a", 0 0;
v000001ecdd7a2a60_0 .net "a1", 0 0, L_000001ecdd7a2060;  1 drivers
L_000001ecdd7f0088 .functor BUFT 1, C4<1>, C4<0>, C4<0>, C4<0>;
v000001ecdd7a3460_0 .net "abd", 0 0, L_000001ecdd7f0088;  1 drivers
v000001ecdd7a2ba0_0 .net "abp", 0 0, L_000001ecdd7b01d0;  1 drivers
v000001ecdd7a1c00_0 .net "ad", 0 0, L_000001ecdd7a3140;  1 drivers
v000001ecdd7a2ce0_0 .net "ap", 0 0, L_000001ecdd7afde0;  1 drivers
v000001ecdd7a1ac0_0 .var "b", 0 0;
v000001ecdd7a1a20_0 .net "b1", 0 0, L_000001ecdd7a30a0;  1 drivers
v000001ecdd7a31e0_0 .net "bd", 0 0, L_000001ecdd7a2880;  1 drivers
v000001ecdd7a3640_0 .net "bp", 0 0, L_000001ecdd7b0780;  1 drivers
v000001ecdd7a2d80_0 .var "d0", 0 0;
v000001ecdd7a2e20_0 .var "d1", 0 0;
v000001ecdd7a2240_0 .var "d2", 0 0;
v000001ecdd7a2b00_0 .var "d3", 0 0;
v000001ecdd7a2c40_0 .var "d4", 0 0;
v000001ecdd7a2ec0_0 .var "d5", 0 0;
v000001ecdd7a2100_0 .var "d6", 0 0;
v000001ecdd7a2740_0 .var "d7", 0 0;
v000001ecdd7a1fc0_0 .net "od", 0 0, L_000001ecdd7a1d40;  1 drivers
v000001ecdd7a1f20_0 .net "op", 0 0, L_000001ecdd7afbb0;  1 drivers
L_000001ecdd7f00d0 .functor BUFT 1, C4<1>, C4<0>, C4<0>, C4<0>;
v000001ecdd7a3280_0 .net "p1", 0 0, L_000001ecdd7f00d0;  1 drivers
v000001ecdd7a1ca0_0 .net "p2", 0 0, L_000001ecdd7a35a0;  1 drivers
v000001ecdd7a22e0_0 .var "rhd", 0 0;
v000001ecdd7a1b60_0 .net "rhp", 0 0, L_000001ecdd7a3820;  1 drivers
v000001ecdd7a33c0_0 .net "x", 0 0, L_000001ecdd7b0080;  1 drivers
S_000001ecdd73fbe0 .scope module, "t1" "candonate" 2 43, 2 3 0, S_000001ecdd73fa50;
 .timescale -9 -9;
    .port_info 0 /INPUT 1 "a";
    .port_info 1 /INPUT 1 "b";
    .port_info 2 /INPUT 1 "rh";
    .port_info 3 /OUTPUT 1 "ap";
    .port_info 4 /OUTPUT 1 "bp";
    .port_info 5 /OUTPUT 1 "op";
    .port_info 6 /OUTPUT 1 "abp";
    .port_info 7 /OUTPUT 1 "p1";
    .port_info 8 /OUTPUT 1 "p2";
v000001ecdd747ba0_0 .net *"_ivl_4", 0 0, L_000001ecdd7a3500;  1 drivers
v000001ecdd747c40_0 .net "a", 0 0, v000001ecdd7a26a0_0;  1 drivers
v000001ecdd747d80_0 .net "abp", 0 0, L_000001ecdd7f0088;  alias, 1 drivers
v000001ecdd746ac0_0 .net "ap", 0 0, L_000001ecdd7a3140;  alias, 1 drivers
v000001ecdd7467a0_0 .net "b", 0 0, v000001ecdd7a1ac0_0;  1 drivers
v000001ecdd747600_0 .net "bp", 0 0, L_000001ecdd7a2880;  alias, 1 drivers
v000001ecdd746520_0 .net "op", 0 0, L_000001ecdd7a1d40;  alias, 1 drivers
v000001ecdd7476a0_0 .net "p1", 0 0, L_000001ecdd7f00d0;  alias, 1 drivers
v000001ecdd747060_0 .net "p2", 0 0, L_000001ecdd7a35a0;  alias, 1 drivers
v000001ecdd746b60_0 .net "rh", 0 0, v000001ecdd7a22e0_0;  1 drivers
L_000001ecdd7a3140 .reduce/nor v000001ecdd7a1ac0_0;
L_000001ecdd7a2880 .reduce/nor v000001ecdd7a26a0_0;
L_000001ecdd7a3500 .arith/sum 1, v000001ecdd7a26a0_0, v000001ecdd7a1ac0_0;
L_000001ecdd7a1d40 .reduce/nor L_000001ecdd7a3500;
L_000001ecdd7a35a0 .reduce/nor v000001ecdd7a22e0_0;
S_000001ecdd73fd70 .scope module, "t2" "bdec" 2 44, 2 14 0, S_000001ecdd73fa50;
 .timescale -9 -9;
    .port_info 0 /INPUT 1 "a";
    .port_info 1 /INPUT 1 "b";
    .port_info 2 /OUTPUT 1 "ap";
    .port_info 3 /OUTPUT 1 "bp";
    .port_info 4 /OUTPUT 1 "op";
    .port_info 5 /OUTPUT 1 "abp";
L_000001ecdd7afbb0 .functor AND 1, L_000001ecdd7a38c0, L_000001ecdd7a36e0, C4<1>, C4<1>;
L_000001ecdd7b0780 .functor AND 1, L_000001ecdd7a3780, L_000001ecdd7a30a0, C4<1>, C4<1>;
L_000001ecdd7afde0 .functor AND 1, L_000001ecdd7a2060, L_000001ecdd7a1de0, C4<1>, C4<1>;
L_000001ecdd7b01d0 .functor AND 1, L_000001ecdd7a2060, L_000001ecdd7a30a0, C4<1>, C4<1>;
v000001ecdd746ca0_0 .net *"_ivl_1", 0 0, L_000001ecdd7a38c0;  1 drivers
v000001ecdd7479c0_0 .net *"_ivl_11", 0 0, L_000001ecdd7a1de0;  1 drivers
v000001ecdd747ce0_0 .net *"_ivl_3", 0 0, L_000001ecdd7a36e0;  1 drivers
v000001ecdd746f20_0 .net *"_ivl_7", 0 0, L_000001ecdd7a3780;  1 drivers
v000001ecdd746fc0_0 .net "a", 0 0, L_000001ecdd7a2060;  alias, 1 drivers
v000001ecdd747100_0 .net "abp", 0 0, L_000001ecdd7b01d0;  alias, 1 drivers
v000001ecdd746660_0 .net "ap", 0 0, L_000001ecdd7afde0;  alias, 1 drivers
v000001ecdd747240_0 .net "b", 0 0, L_000001ecdd7a30a0;  alias, 1 drivers
v000001ecdd7462a0_0 .net "bp", 0 0, L_000001ecdd7b0780;  alias, 1 drivers
v000001ecdd7477e0_0 .net "op", 0 0, L_000001ecdd7afbb0;  alias, 1 drivers
L_000001ecdd7a38c0 .reduce/nor L_000001ecdd7a2060;
L_000001ecdd7a36e0 .reduce/nor L_000001ecdd7a30a0;
L_000001ecdd7a3780 .reduce/nor L_000001ecdd7a2060;
L_000001ecdd7a1de0 .reduce/nor L_000001ecdd7a30a0;
S_000001ecdd739700 .scope module, "t3" "bmatch" 2 45, 2 23 0, S_000001ecdd73fa50;
 .timescale -9 -9;
    .port_info 0 /INPUT 1 "ad";
    .port_info 1 /INPUT 1 "bd";
    .port_info 2 /INPUT 1 "od";
    .port_info 3 /INPUT 1 "abd";
    .port_info 4 /INPUT 1 "rhd";
    .port_info 5 /INPUT 1 "ap";
    .port_info 6 /INPUT 1 "bp";
    .port_info 7 /INPUT 1 "op";
    .port_info 8 /INPUT 1 "abp";
    .port_info 9 /INPUT 1 "rhp";
    .port_info 10 /OUTPUT 1 "x";
L_000001ecdd7b07f0 .functor OR 1, v000001ecdd7a22e0_0, L_000001ecdd7a3820, C4<0>, C4<0>;
L_000001ecdd7affa0 .functor OR 1, L_000001ecdd7a2380, L_000001ecdd7a3820, C4<0>, C4<0>;
L_000001ecdd7afe50 .functor AND 1, L_000001ecdd7a3140, L_000001ecdd7afde0, C4<1>, C4<1>;
L_000001ecdd7b0400 .functor AND 1, L_000001ecdd7a2880, L_000001ecdd7b0780, C4<1>, C4<1>;
L_000001ecdd7b04e0 .functor AND 1, L_000001ecdd7a1d40, L_000001ecdd7afbb0, C4<1>, C4<1>;
L_000001ecdd7b05c0 .functor AND 1, L_000001ecdd7f0088, L_000001ecdd7b01d0, C4<1>, C4<1>;
L_000001ecdd7b0080 .functor AND 1, L_000001ecdd7affa0, L_000001ecdd7b2700, C4<1>, C4<1>;
v000001ecdd747e20_0 .net *"_ivl_0", 0 0, L_000001ecdd7b07f0;  1 drivers
v000001ecdd746700_0 .net *"_ivl_10", 0 0, L_000001ecdd7a2420;  1 drivers
v000001ecdd747ec0_0 .net *"_ivl_12", 0 0, L_000001ecdd7b04e0;  1 drivers
v000001ecdd7465c0_0 .net *"_ivl_14", 0 0, L_000001ecdd7a2560;  1 drivers
v000001ecdd746020_0 .net *"_ivl_16", 0 0, L_000001ecdd7b05c0;  1 drivers
v000001ecdd746160_0 .net *"_ivl_18", 0 0, L_000001ecdd7b2700;  1 drivers
v000001ecdd746480_0 .net *"_ivl_3", 0 0, L_000001ecdd7a2380;  1 drivers
v000001ecdd746340_0 .net *"_ivl_6", 0 0, L_000001ecdd7afe50;  1 drivers
v000001ecdd746840_0 .net *"_ivl_8", 0 0, L_000001ecdd7b0400;  1 drivers
v000001ecdd7468e0_0 .net "abd", 0 0, L_000001ecdd7f0088;  alias, 1 drivers
v000001ecdd746980_0 .net "abp", 0 0, L_000001ecdd7b01d0;  alias, 1 drivers
v000001ecdd746a20_0 .net "ad", 0 0, L_000001ecdd7a3140;  alias, 1 drivers
v000001ecdd7a47f0_0 .net "ap", 0 0, L_000001ecdd7afde0;  alias, 1 drivers
v000001ecdd7a4b10_0 .net "bd", 0 0, L_000001ecdd7a2880;  alias, 1 drivers
v000001ecdd7a4f70_0 .net "bp", 0 0, L_000001ecdd7b0780;  alias, 1 drivers
v000001ecdd7a5150_0 .net "od", 0 0, L_000001ecdd7a1d40;  alias, 1 drivers
v000001ecdd7a41b0_0 .net "op", 0 0, L_000001ecdd7afbb0;  alias, 1 drivers
v000001ecdd7a3d50_0 .net "rhd", 0 0, v000001ecdd7a22e0_0;  alias, 1 drivers
v000001ecdd7a55b0_0 .net "rhp", 0 0, L_000001ecdd7a3820;  alias, 1 drivers
v000001ecdd7a49d0_0 .net "t", 0 0, L_000001ecdd7affa0;  1 drivers
v000001ecdd7a51f0_0 .net "x", 0 0, L_000001ecdd7b0080;  alias, 1 drivers
L_000001ecdd7a2380 .reduce/nor L_000001ecdd7b07f0;
L_000001ecdd7a2420 .arith/sum 1, L_000001ecdd7afe50, L_000001ecdd7b0400;
L_000001ecdd7a2560 .arith/sum 1, L_000001ecdd7a2420, L_000001ecdd7b04e0;
L_000001ecdd7b2700 .arith/sum 1, L_000001ecdd7a2560, L_000001ecdd7b05c0;
S_000001ecdd6cea50 .scope module, "test" "bprio" 2 42, 2 29 0, S_000001ecdd73fa50;
 .timescale -9 -9;
    .port_info 0 /INPUT 1 "d0";
    .port_info 1 /INPUT 1 "d1";
    .port_info 2 /INPUT 1 "d2";
    .port_info 3 /INPUT 1 "d3";
    .port_info 4 /INPUT 1 "d4";
    .port_info 5 /INPUT 1 "d5";
    .port_info 6 /INPUT 1 "d6";
    .port_info 7 /INPUT 1 "d7";
    .port_info 8 /OUTPUT 1 "x";
    .port_info 9 /OUTPUT 1 "y";
    .port_info 10 /OUTPUT 1 "z";
L_000001ecdd734690 .functor OR 1, v000001ecdd7a2740_0, v000001ecdd7a2100_0, C4<0>, C4<0>;
L_000001ecdd733f90 .functor OR 1, L_000001ecdd734690, v000001ecdd7a2ec0_0, C4<0>, C4<0>;
L_000001ecdd7347e0 .functor OR 1, L_000001ecdd733f90, v000001ecdd7a2c40_0, C4<0>, C4<0>;
L_000001ecdd733c10 .functor OR 1, v000001ecdd7a2740_0, v000001ecdd7a2100_0, C4<0>, C4<0>;
L_000001ecdd734850 .functor OR 1, L_000001ecdd733c10, v000001ecdd7a2ec0_0, C4<0>, C4<0>;
L_000001ecdd7344d0 .functor OR 1, L_000001ecdd734850, v000001ecdd7a2c40_0, C4<0>, C4<0>;
L_000001ecdd733e40 .functor OR 1, L_000001ecdd7344d0, v000001ecdd7a2b00_0, C4<0>, C4<0>;
L_000001ecdd734700 .functor AND 1, L_000001ecdd7a27e0, v000001ecdd7a2240_0, C4<1>, C4<1>;
L_000001ecdd7341c0 .functor OR 1, v000001ecdd7a2740_0, v000001ecdd7a2100_0, C4<0>, C4<0>;
L_000001ecdd7348c0 .functor OR 1, L_000001ecdd7341c0, v000001ecdd7a2ec0_0, C4<0>, C4<0>;
L_000001ecdd734930 .functor OR 1, L_000001ecdd7348c0, v000001ecdd7a2c40_0, C4<0>, C4<0>;
L_000001ecdd734230 .functor AND 1, L_000001ecdd7a3000, v000001ecdd7a2b00_0, C4<1>, C4<1>;
L_000001ecdd733d60 .functor OR 1, L_000001ecdd734700, L_000001ecdd734230, C4<0>, C4<0>;
L_000001ecdd733c80 .functor OR 1, L_000001ecdd733d60, v000001ecdd7a2740_0, C4<0>, C4<0>;
L_000001ecdd733dd0 .functor OR 1, L_000001ecdd733c80, v000001ecdd7a2100_0, C4<0>, C4<0>;
L_000001ecdd733eb0 .functor OR 1, v000001ecdd7a2740_0, v000001ecdd7a2100_0, C4<0>, C4<0>;
L_000001ecdd7b0390 .functor AND 1, L_000001ecdd7a2f60, v000001ecdd7a2ec0_0, C4<1>, C4<1>;
L_000001ecdd7aff30 .functor OR 1, v000001ecdd7a2740_0, L_000001ecdd7b0390, C4<0>, C4<0>;
L_000001ecdd7b0710 .functor OR 1, v000001ecdd7a2740_0, v000001ecdd7a2100_0, C4<0>, C4<0>;
L_000001ecdd7b0550 .functor OR 1, L_000001ecdd7b0710, v000001ecdd7a2ec0_0, C4<0>, C4<0>;
L_000001ecdd7b02b0 .functor OR 1, L_000001ecdd7b0550, v000001ecdd7a2c40_0, C4<0>, C4<0>;
L_000001ecdd7b0940 .functor AND 1, L_000001ecdd7a3320, v000001ecdd7a2b00_0, C4<1>, C4<1>;
L_000001ecdd7afc20 .functor OR 1, L_000001ecdd7aff30, L_000001ecdd7b0940, C4<0>, C4<0>;
L_000001ecdd7b0470 .functor OR 1, v000001ecdd7a2740_0, v000001ecdd7a2100_0, C4<0>, C4<0>;
L_000001ecdd7b0160 .functor OR 1, L_000001ecdd7b0470, v000001ecdd7a2ec0_0, C4<0>, C4<0>;
L_000001ecdd7afc90 .functor OR 1, L_000001ecdd7b0160, v000001ecdd7a2c40_0, C4<0>, C4<0>;
L_000001ecdd7afb40 .functor OR 1, L_000001ecdd7afc90, v000001ecdd7a2b00_0, C4<0>, C4<0>;
L_000001ecdd7afa60 .functor OR 1, L_000001ecdd7afb40, v000001ecdd7a2240_0, C4<0>, C4<0>;
L_000001ecdd7b0320 .functor AND 1, L_000001ecdd7a2920, v000001ecdd7a2e20_0, C4<1>, C4<1>;
L_000001ecdd7b06a0 .functor OR 1, L_000001ecdd7afc20, L_000001ecdd7b0320, C4<0>, C4<0>;
v000001ecdd7a4890_0 .net *"_ivl_0", 0 0, L_000001ecdd734690;  1 drivers
v000001ecdd7a3b70_0 .net *"_ivl_10", 0 0, L_000001ecdd734850;  1 drivers
v000001ecdd7a4610_0 .net *"_ivl_12", 0 0, L_000001ecdd7344d0;  1 drivers
v000001ecdd7a3fd0_0 .net *"_ivl_14", 0 0, L_000001ecdd733e40;  1 drivers
v000001ecdd7a56f0_0 .net *"_ivl_17", 0 0, L_000001ecdd7a27e0;  1 drivers
v000001ecdd7a5790_0 .net *"_ivl_18", 0 0, L_000001ecdd734700;  1 drivers
v000001ecdd7a5470_0 .net *"_ivl_2", 0 0, L_000001ecdd733f90;  1 drivers
v000001ecdd7a46b0_0 .net *"_ivl_20", 0 0, L_000001ecdd7341c0;  1 drivers
v000001ecdd7a4d90_0 .net *"_ivl_22", 0 0, L_000001ecdd7348c0;  1 drivers
v000001ecdd7a4070_0 .net *"_ivl_24", 0 0, L_000001ecdd734930;  1 drivers
v000001ecdd7a5650_0 .net *"_ivl_27", 0 0, L_000001ecdd7a3000;  1 drivers
v000001ecdd7a4a70_0 .net *"_ivl_28", 0 0, L_000001ecdd734230;  1 drivers
v000001ecdd7a5010_0 .net *"_ivl_30", 0 0, L_000001ecdd733d60;  1 drivers
v000001ecdd7a4bb0_0 .net *"_ivl_32", 0 0, L_000001ecdd733c80;  1 drivers
v000001ecdd7a4e30_0 .net *"_ivl_34", 0 0, L_000001ecdd733dd0;  1 drivers
v000001ecdd7a4110_0 .net *"_ivl_38", 0 0, L_000001ecdd733eb0;  1 drivers
v000001ecdd7a4750_0 .net *"_ivl_4", 0 0, L_000001ecdd7347e0;  1 drivers
v000001ecdd7a5830_0 .net *"_ivl_41", 0 0, L_000001ecdd7a2f60;  1 drivers
v000001ecdd7a4930_0 .net *"_ivl_42", 0 0, L_000001ecdd7b0390;  1 drivers
v000001ecdd7a3e90_0 .net *"_ivl_44", 0 0, L_000001ecdd7aff30;  1 drivers
v000001ecdd7a3a30_0 .net *"_ivl_46", 0 0, L_000001ecdd7b0710;  1 drivers
v000001ecdd7a44d0_0 .net *"_ivl_48", 0 0, L_000001ecdd7b0550;  1 drivers
v000001ecdd7a3df0_0 .net *"_ivl_50", 0 0, L_000001ecdd7b02b0;  1 drivers
v000001ecdd7a3f30_0 .net *"_ivl_53", 0 0, L_000001ecdd7a3320;  1 drivers
v000001ecdd7a4c50_0 .net *"_ivl_54", 0 0, L_000001ecdd7b0940;  1 drivers
v000001ecdd7a4cf0_0 .net *"_ivl_56", 0 0, L_000001ecdd7afc20;  1 drivers
v000001ecdd7a4250_0 .net *"_ivl_58", 0 0, L_000001ecdd7b0470;  1 drivers
v000001ecdd7a42f0_0 .net *"_ivl_60", 0 0, L_000001ecdd7b0160;  1 drivers
v000001ecdd7a4ed0_0 .net *"_ivl_62", 0 0, L_000001ecdd7afc90;  1 drivers
v000001ecdd7a50b0_0 .net *"_ivl_64", 0 0, L_000001ecdd7afb40;  1 drivers
v000001ecdd7a4390_0 .net *"_ivl_66", 0 0, L_000001ecdd7afa60;  1 drivers
v000001ecdd7a5290_0 .net *"_ivl_69", 0 0, L_000001ecdd7a2920;  1 drivers
v000001ecdd7a5330_0 .net *"_ivl_70", 0 0, L_000001ecdd7b0320;  1 drivers
v000001ecdd7a4570_0 .net *"_ivl_72", 0 0, L_000001ecdd7b06a0;  1 drivers
v000001ecdd7a5510_0 .net *"_ivl_8", 0 0, L_000001ecdd733c10;  1 drivers
v000001ecdd7a3cb0_0 .net "d0", 0 0, v000001ecdd7a2d80_0;  1 drivers
v000001ecdd7a53d0_0 .net "d1", 0 0, v000001ecdd7a2e20_0;  1 drivers
v000001ecdd7a3c10_0 .net "d2", 0 0, v000001ecdd7a2240_0;  1 drivers
v000001ecdd7a58d0_0 .net "d3", 0 0, v000001ecdd7a2b00_0;  1 drivers
v000001ecdd7a3ad0_0 .net "d4", 0 0, v000001ecdd7a2c40_0;  1 drivers
v000001ecdd7a4430_0 .net "d5", 0 0, v000001ecdd7a2ec0_0;  1 drivers
v000001ecdd7a1e80_0 .net "d6", 0 0, v000001ecdd7a2100_0;  1 drivers
v000001ecdd7a21a0_0 .net "d7", 0 0, v000001ecdd7a2740_0;  1 drivers
v000001ecdd7a24c0_0 .net "x", 0 0, L_000001ecdd7a3820;  alias, 1 drivers
v000001ecdd7a2600_0 .net "y", 0 0, L_000001ecdd7a2060;  alias, 1 drivers
v000001ecdd7a29c0_0 .net "z", 0 0, L_000001ecdd7a30a0;  alias, 1 drivers
L_000001ecdd7a3820 .reduce/nor L_000001ecdd7347e0;
L_000001ecdd7a27e0 .reduce/nor L_000001ecdd733e40;
L_000001ecdd7a3000 .reduce/nor L_000001ecdd734930;
L_000001ecdd7a2060 .reduce/nor L_000001ecdd733dd0;
L_000001ecdd7a2f60 .reduce/nor L_000001ecdd733eb0;
L_000001ecdd7a3320 .reduce/nor L_000001ecdd7b02b0;
L_000001ecdd7a2920 .reduce/nor L_000001ecdd7afa60;
L_000001ecdd7a30a0 .reduce/nor L_000001ecdd7b06a0;
    .scope S_000001ecdd73fa50;
T_0 ;
    %pushi/vec4 0, 0, 1;
    %store/vec4 v000001ecdd7a2d80_0, 0, 1;
    %pushi/vec4 0, 0, 1;
    %store/vec4 v000001ecdd7a2e20_0, 0, 1;
    %pushi/vec4 0, 0, 1;
    %store/vec4 v000001ecdd7a2240_0, 0, 1;
    %pushi/vec4 0, 0, 1;
    %store/vec4 v000001ecdd7a2b00_0, 0, 1;
    %pushi/vec4 0, 0, 1;
    %store/vec4 v000001ecdd7a2c40_0, 0, 1;
    %pushi/vec4 0, 0, 1;
    %store/vec4 v000001ecdd7a2ec0_0, 0, 1;
    %pushi/vec4 1, 0, 1;
    %store/vec4 v000001ecdd7a2100_0, 0, 1;
    %pushi/vec4 1, 0, 1;
    %store/vec4 v000001ecdd7a2740_0, 0, 1;
    %pushi/vec4 0, 0, 1;
    %store/vec4 v000001ecdd7a26a0_0, 0, 1;
    %pushi/vec4 0, 0, 1;
    %store/vec4 v000001ecdd7a1ac0_0, 0, 1;
    %pushi/vec4 0, 0, 1;
    %store/vec4 v000001ecdd7a22e0_0, 0, 1;
    %end;
    .thread T_0;
    .scope S_000001ecdd73fa50;
T_1 ;
    %vpi_call 2 55 "$monitor", "donor:a=%d,b=%d,rhd=%d,  patients:d0=%d,d1=%d,d2=%d,d3=%d,d4=%d,d5=%d,d6=%d,d7=%d ,compatible:x=%d", v000001ecdd7a26a0_0, v000001ecdd7a1ac0_0, v000001ecdd7a22e0_0, v000001ecdd7a2d80_0, v000001ecdd7a2e20_0, v000001ecdd7a2240_0, v000001ecdd7a2b00_0, v000001ecdd7a2c40_0, v000001ecdd7a2ec0_0, v000001ecdd7a2100_0, v000001ecdd7a2740_0, v000001ecdd7a33c0_0 {0 0 0};
    %end;
    .thread T_1;
# The file index is used to find the file name in the following table.
:file_names 3;
    "N/A";
    "<interactive>";
    "pro2.v";
